0 info it worked if it ends with ok
1 verbose cli [ 'node', '/usr/local/bin/npm', 'run', 'deps' ]
2 info using npm@2.8.4
3 info using node@v0.10.25
4 verbose node symlink /usr/bin/node
5 verbose run-script [ 'predeps', 'deps', 'postdeps' ]
6 info predeps polymer-starter-kit@0.0.0
7 info deps polymer-starter-kit@0.0.0
8 verbose unsafe-perm in lifecycle true
9 info polymer-starter-kit@0.0.0 Failed to exec deps script
10 verbose stack Error: polymer-starter-kit@0.0.0 deps: `npm install -g gulp && npm install -g bower && npm install && bower install`
10 verbose stack Exit status 3
10 verbose stack     at EventEmitter.<anonymous> (/usr/local/lib/node_modules/npm/lib/utils/lifecycle.js:213:16)
10 verbose stack     at EventEmitter.emit (events.js:98:17)
10 verbose stack     at ChildProcess.<anonymous> (/usr/local/lib/node_modules/npm/lib/utils/spawn.js:24:14)
10 verbose stack     at ChildProcess.EventEmitter.emit (events.js:98:17)
10 verbose stack     at maybeClose (child_process.js:743:16)
10 verbose stack     at Process.ChildProcess._handle.onexit (child_process.js:810:5)
11 verbose pkgid polymer-starter-kit@0.0.0
12 verbose cwd /home/smiller/git/polymer-starter-kit-1.0.0
13 error Linux 3.19.0-18-generic
14 error argv "node" "/usr/local/bin/npm" "run" "deps"
15 error node v0.10.25
16 error npm  v2.8.4
17 error code ELIFECYCLE
18 error polymer-starter-kit@0.0.0 deps: `npm install -g gulp && npm install -g bower && npm install && bower install`
18 error Exit status 3
19 error Failed at the polymer-starter-kit@0.0.0 deps script 'npm install -g gulp && npm install -g bower && npm install && bower install'.
19 error This is most likely a problem with the polymer-starter-kit package,
19 error not with npm itself.
19 error Tell the author that this fails on your system:
19 error     npm install -g gulp && npm install -g bower && npm install && bower install
19 error You can get their info via:
19 error     npm owner ls polymer-starter-kit
19 error There is likely additional logging output above.
20 verbose exit [ 1, true ]
